2021-07-05 08:41:47,500 WARN  [SoapUI] Missing folder [C:\Users\SuprajaKoganti\Desktop\REST Project\my-app\ext] for external libraries
2021-07-05 08:41:47,756 INFO  [DefaultSoapUICore] initialized soapui-settings from [C:\Users\SuprajaKoganti\soapui-settings.xml]
2021-07-05 08:41:49,024 INFO  [WsdlProject] Loaded project from [file:/C:/Users/SuprajaKoganti/Desktop/REST%20Project/my-app/REST-Project-soapui-project.xml]
2021-07-05 08:41:49,790 INFO  [SoapUITestCaseRunner] Running SoapUI tests in project [REST Project]
2021-07-05 08:41:49,793 INFO  [SoapUITestCaseRunner] Running Project [REST Project], runType = SEQUENTIAL
2021-07-05 08:41:49,821 INFO  [SoapUITestCaseRunner] Running SoapUI testcase [AccessToken]
2021-07-05 08:41:49,866 INFO  [SoapUITestCaseRunner] running step [GetAccessToken]
2021-07-05 08:41:51,720 ERROR [SoapUI] An error occurred [error: Unexpected element: CDATA], see error log for details
2021-07-05 08:41:51,721 ERROR [errorlog] org.apache.xmlbeans.XmlException: error: Unexpected element: CDATA
org.apache.xmlbeans.XmlException: error: Unexpected element: CDATA
	at org.apache.xmlbeans.impl.store.Locale$SaxLoader.load(Locale.java:3486)
	at org.apache.xmlbeans.impl.store.Locale.parse(Locale.java:712)
	at org.apache.xmlbeans.impl.store.Locale.parseToXmlObject(Locale.java:696)
	at org.apache.xmlbeans.impl.store.Locale.parseToXmlObject(Locale.java:683)
	at org.apache.xmlbeans.impl.schema.SchemaTypeLoaderBase.parse(SchemaTypeLoaderBase.java:208)
	at org.apache.xmlbeans.XmlObject$Factory.parse(XmlObject.java:580)
	at com.eviware.soapui.support.xml.XmlUtils.createXmlObject(XmlUtils.java:263)
	at com.eviware.soapui.model.propertyexpansion.resolvers.ResolverUtils.extractXPathPropertyValue(ResolverUtils.java:97)
	at com.eviware.soapui.model.propertyexpansion.resolvers.ContextPropertyResolver.resolveProperty(ContextPropertyResolver.java:52)
	at com.eviware.soapui.model.propertyexpansion.PropertyExpander.expand(PropertyExpander.java:184)
	at com.eviware.soapui.model.propertyexpansion.PropertyExpander.expandProperties(PropertyExpander.java:112)
	at com.eviware.soapui.impl.wsdl.testcase.WsdlTestRunContext.expand(WsdlTestRunContext.java:157)
	at com.eviware.soapui.model.testsuite.TestRunContext$expand.call(Unknown Source)
	at org.codehaus.groovy.runtime.callsite.CallSiteArray.defaultCall(CallSiteArray.java:45)
	at org.codehaus.groovy.runtime.callsite.AbstractCallSite.call(AbstractCallSite.java:108)
	at org.codehaus.groovy.runtime.callsite.AbstractCallSite.call(AbstractCallSite.java:116)
	at Script1.run(Script1.groovy:2)
	at com.eviware.soapui.support.scripting.groovy.SoapUIGroovyScriptEngine.run(SoapUIGroovyScriptEngine.java:100)
	at com.eviware.soapui.impl.wsdl.teststeps.assertions.basic.GroovyScriptAssertion.assertScript(GroovyScriptAssertion.java:122)
	at com.eviware.soapui.impl.wsdl.teststeps.assertions.basic.GroovyScriptAssertion.internalAssertResponse(GroovyScriptAssertion.java:139)
	at com.eviware.soapui.impl.wsdl.teststeps.WsdlMessageAssertion.assertResponse(WsdlMessageAssertion.java:165)
	at com.eviware.soapui.impl.wsdl.teststeps.RestTestRequest.assertResponse(RestTestRequest.java:156)
	at com.eviware.soapui.impl.wsdl.teststeps.RestTestRequest.setResponse(RestTestRequest.java:141)
	at com.eviware.soapui.impl.wsdl.teststeps.RestTestRequestStep.run(RestTestRequestStep.java:927)
	at com.eviware.soapui.impl.wsdl.support.AbstractTestCaseRunner.runTestStep(AbstractTestCaseRunner.java:239)
	at com.eviware.soapui.impl.wsdl.testcase.WsdlTestCaseRunner.runCurrentTestStep(WsdlTestCaseRunner.java:52)
	at com.eviware.soapui.impl.wsdl.support.AbstractTestCaseRunner.internalRun(AbstractTestCaseRunner.java:152)
	at com.eviware.soapui.impl.wsdl.support.AbstractTestCaseRunner.internalRun(AbstractTestCaseRunner.java:47)
	at com.eviware.soapui.impl.wsdl.support.AbstractTestRunner.run(AbstractTestRunner.java:139)
	at java.util.concurrent.Executors$RunnableAdapter.call(Executors.java:511)
	at java.util.concurrent.FutureTask.run(FutureTask.java:266)
	at java.util.concurrent.ThreadPoolExecutor.runWorker(ThreadPoolExecutor.java:1149)
	at java.util.concurrent.ThreadPoolExecutor$Worker.run(ThreadPoolExecutor.java:624)
	at java.lang.Thread.run(Thread.java:748)
Caused by: org.xml.sax.SAXParseException; systemId: file:; lineNumber: 1; columnNumber: 1; Unexpected element: CDATA
	at org.apache.xmlbeans.impl.piccolo.xml.Piccolo.reportFatalError(Piccolo.java:1038)
	at org.apache.xmlbeans.impl.piccolo.xml.Piccolo.parse(Piccolo.java:723)
	at org.apache.xmlbeans.impl.store.Locale$SaxLoader.load(Locale.java:3454)
	... 33 more
2021-07-05 08:41:51,804 INFO  [log] 
2021-07-05 08:41:51,841 INFO  [SoapUITestCaseRunner] Assertion [Valid HTTP Status Codes] has status VALID
2021-07-05 08:41:51,842 INFO  [SoapUITestCaseRunner] Assertion [Script Assertion] has status VALID
2021-07-05 08:41:51,843 INFO  [SoapUITestCaseRunner] Finished running SoapUI testcase [AccessToken], time taken: 1011ms, status: FINISHED
2021-07-05 08:41:51,849 INFO  [SoapUITestCaseRunner] Running SoapUI testcase [LoginCredentials]
2021-07-05 08:41:51,849 INFO  [SoapUITestCaseRunner] running step [Login Credentials]
2021-07-05 08:41:52,210 INFO  [log] 2
2021-07-05 08:41:52,229 INFO  [log] upskills_admin
2021-07-05 08:41:52,230 INFO  [log] Talent4$$
2021-07-05 08:41:52,245 INFO  [SoapUITestCaseRunner] Finished running SoapUI testcase [LoginCredentials], time taken: 395ms, status: FINISHED
2021-07-05 08:41:52,248 INFO  [SoapUITestCaseRunner] Running SoapUI testcase [Login]
2021-07-05 08:41:52,248 INFO  [SoapUITestCaseRunner] running step [Credentials]
2021-07-05 08:41:52,265 INFO  [SoapUITestCaseRunner] running step [Login]
2021-07-05 08:41:54,056 ERROR [SoapUI] An error occurred [error: Unexpected element: CDATA], see error log for details
2021-07-05 08:41:54,058 ERROR [errorlog] org.apache.xmlbeans.XmlException: error: Unexpected element: CDATA
org.apache.xmlbeans.XmlException: error: Unexpected element: CDATA
	at org.apache.xmlbeans.impl.store.Locale$SaxLoader.load(Locale.java:3486)
	at org.apache.xmlbeans.impl.store.Locale.parse(Locale.java:712)
	at org.apache.xmlbeans.impl.store.Locale.parseToXmlObject(Locale.java:696)
	at org.apache.xmlbeans.impl.store.Locale.parseToXmlObject(Locale.java:683)
	at org.apache.xmlbeans.impl.schema.SchemaTypeLoaderBase.parse(SchemaTypeLoaderBase.java:208)
	at org.apache.xmlbeans.XmlObject$Factory.parse(XmlObject.java:580)
	at com.eviware.soapui.support.xml.XmlUtils.createXmlObject(XmlUtils.java:263)
	at com.eviware.soapui.model.propertyexpansion.resolvers.ResolverUtils.extractXPathPropertyValue(ResolverUtils.java:97)
	at com.eviware.soapui.model.propertyexpansion.resolvers.ContextPropertyResolver.resolveProperty(ContextPropertyResolver.java:52)
	at com.eviware.soapui.model.propertyexpansion.PropertyExpander.expand(PropertyExpander.java:184)
	at com.eviware.soapui.model.propertyexpansion.PropertyExpander.expandProperties(PropertyExpander.java:112)
	at com.eviware.soapui.impl.wsdl.testcase.WsdlTestRunContext.expand(WsdlTestRunContext.java:157)
	at com.eviware.soapui.model.testsuite.TestRunContext$expand.call(Unknown Source)
	at org.codehaus.groovy.runtime.callsite.CallSiteArray.defaultCall(CallSiteArray.java:45)
	at org.codehaus.groovy.runtime.callsite.AbstractCallSite.call(AbstractCallSite.java:108)
	at org.codehaus.groovy.runtime.callsite.AbstractCallSite.call(AbstractCallSite.java:116)
	at Script1.run(Script1.groovy:2)
	at com.eviware.soapui.support.scripting.groovy.SoapUIGroovyScriptEngine.run(SoapUIGroovyScriptEngine.java:100)
	at com.eviware.soapui.impl.wsdl.teststeps.assertions.basic.GroovyScriptAssertion.assertScript(GroovyScriptAssertion.java:122)
	at com.eviware.soapui.impl.wsdl.teststeps.assertions.basic.GroovyScriptAssertion.internalAssertResponse(GroovyScriptAssertion.java:139)
	at com.eviware.soapui.impl.wsdl.teststeps.WsdlMessageAssertion.assertResponse(WsdlMessageAssertion.java:165)
	at com.eviware.soapui.impl.wsdl.teststeps.RestTestRequest.assertResponse(RestTestRequest.java:156)
	at com.eviware.soapui.impl.wsdl.teststeps.RestTestRequest.setResponse(RestTestRequest.java:141)
	at com.eviware.soapui.impl.wsdl.teststeps.RestTestRequestStep.run(RestTestRequestStep.java:927)
	at com.eviware.soapui.impl.wsdl.support.AbstractTestCaseRunner.runTestStep(AbstractTestCaseRunner.java:239)
	at com.eviware.soapui.impl.wsdl.testcase.WsdlTestCaseRunner.runCurrentTestStep(WsdlTestCaseRunner.java:52)
	at com.eviware.soapui.impl.wsdl.support.AbstractTestCaseRunner.internalRun(AbstractTestCaseRunner.java:152)
	at com.eviware.soapui.impl.wsdl.support.AbstractTestCaseRunner.internalRun(AbstractTestCaseRunner.java:47)
	at com.eviware.soapui.impl.wsdl.support.AbstractTestRunner.run(AbstractTestRunner.java:139)
	at java.util.concurrent.Executors$RunnableAdapter.call(Executors.java:511)
	at java.util.concurrent.FutureTask.run(FutureTask.java:266)
	at java.util.concurrent.ThreadPoolExecutor.runWorker(ThreadPoolExecutor.java:1149)
	at java.util.concurrent.ThreadPoolExecutor$Worker.run(ThreadPoolExecutor.java:624)
	at java.lang.Thread.run(Thread.java:748)
Caused by: org.xml.sax.SAXParseException; systemId: file:; lineNumber: 1; columnNumber: 1; Unexpected element: CDATA
	at org.apache.xmlbeans.impl.piccolo.xml.Piccolo.reportFatalError(Piccolo.java:1038)
	at org.apache.xmlbeans.impl.piccolo.xml.Piccolo.parse(Piccolo.java:723)
	at org.apache.xmlbeans.impl.store.Locale$SaxLoader.load(Locale.java:3454)
	... 33 more
2021-07-05 08:41:54,154 INFO  [SoapUITestCaseRunner] Assertion [Valid HTTP Status Codes] has status FAILED
2021-07-05 08:41:54,154 ERROR [SoapUITestCaseRunner] ASSERTION FAILED -> Response status code:400 is not in acceptable list of status codes
2021-07-05 08:41:54,158 INFO  [SoapUITestCaseRunner] Assertion [Script Assertion] has status FAILED
2021-07-05 08:41:54,158 ERROR [SoapUITestCaseRunner] ASSERTION FAILED -> assert user.size()>=7
       |    |     |
       ""   0     false
2021-07-05 08:41:54,159 ERROR [SoapUITestCaseRunner] Login failed, exporting to [C:\Users\SuprajaKoganti\Desktop\REST Project\my-app\target/surefire-reports\Admin-Login-Login-0-FAILED.txt]
2021-07-05 08:41:54,162 INFO  [SoapUITestCaseRunner] Finished running SoapUI testcase [Login], time taken: 1748ms, status: FAILED
2021-07-05 08:41:54,165 INFO  [SoapUITestCaseRunner] Running SoapUI testcase [GetAdminDetails]
2021-07-05 08:41:54,165 INFO  [SoapUITestCaseRunner] running step [AdminDetails]
2021-07-05 08:41:54,515 ERROR [SoapUI] An error occurred [error: Unexpected element: CDATA], see error log for details
2021-07-05 08:41:54,515 ERROR [errorlog] org.apache.xmlbeans.XmlException: error: Unexpected element: CDATA
org.apache.xmlbeans.XmlException: error: Unexpected element: CDATA
	at org.apache.xmlbeans.impl.store.Locale$SaxLoader.load(Locale.java:3486)
	at org.apache.xmlbeans.impl.store.Locale.parse(Locale.java:712)
	at org.apache.xmlbeans.impl.store.Locale.parseToXmlObject(Locale.java:696)
	at org.apache.xmlbeans.impl.store.Locale.parseToXmlObject(Locale.java:683)
	at org.apache.xmlbeans.impl.schema.SchemaTypeLoaderBase.parse(SchemaTypeLoaderBase.java:208)
	at org.apache.xmlbeans.XmlObject$Factory.parse(XmlObject.java:580)
	at com.eviware.soapui.support.xml.XmlUtils.createXmlObject(XmlUtils.java:263)
	at com.eviware.soapui.model.propertyexpansion.resolvers.ResolverUtils.extractXPathPropertyValue(ResolverUtils.java:97)
	at com.eviware.soapui.model.propertyexpansion.resolvers.ContextPropertyResolver.resolveProperty(ContextPropertyResolver.java:52)
	at com.eviware.soapui.model.propertyexpansion.PropertyExpander.expand(PropertyExpander.java:184)
	at com.eviware.soapui.model.propertyexpansion.PropertyExpander.expandProperties(PropertyExpander.java:112)
	at com.eviware.soapui.impl.wsdl.testcase.WsdlTestRunContext.expand(WsdlTestRunContext.java:157)
	at com.eviware.soapui.model.testsuite.TestRunContext$expand.call(Unknown Source)
	at org.codehaus.groovy.runtime.callsite.CallSiteArray.defaultCall(CallSiteArray.java:45)
	at org.codehaus.groovy.runtime.callsite.AbstractCallSite.call(AbstractCallSite.java:108)
	at org.codehaus.groovy.runtime.callsite.AbstractCallSite.call(AbstractCallSite.java:116)
	at Script1.run(Script1.groovy:2)
	at com.eviware.soapui.support.scripting.groovy.SoapUIGroovyScriptEngine.run(SoapUIGroovyScriptEngine.java:100)
	at com.eviware.soapui.impl.wsdl.teststeps.assertions.basic.GroovyScriptAssertion.assertScript(GroovyScriptAssertion.java:122)
	at com.eviware.soapui.impl.wsdl.teststeps.assertions.basic.GroovyScriptAssertion.internalAssertResponse(GroovyScriptAssertion.java:139)
	at com.eviware.soapui.impl.wsdl.teststeps.WsdlMessageAssertion.assertResponse(WsdlMessageAssertion.java:165)
	at com.eviware.soapui.impl.wsdl.teststeps.RestTestRequest.assertResponse(RestTestRequest.java:156)
	at com.eviware.soapui.impl.wsdl.teststeps.RestTestRequest.setResponse(RestTestRequest.java:141)
	at com.eviware.soapui.impl.wsdl.teststeps.RestTestRequestStep.run(RestTestRequestStep.java:927)
	at com.eviware.soapui.impl.wsdl.support.AbstractTestCaseRunner.runTestStep(AbstractTestCaseRunner.java:239)
	at com.eviware.soapui.impl.wsdl.testcase.WsdlTestCaseRunner.runCurrentTestStep(WsdlTestCaseRunner.java:52)
	at com.eviware.soapui.impl.wsdl.support.AbstractTestCaseRunner.internalRun(AbstractTestCaseRunner.java:152)
	at com.eviware.soapui.impl.wsdl.support.AbstractTestCaseRunner.internalRun(AbstractTestCaseRunner.java:47)
	at com.eviware.soapui.impl.wsdl.support.AbstractTestRunner.run(AbstractTestRunner.java:139)
	at java.util.concurrent.Executors$RunnableAdapter.call(Executors.java:511)
	at java.util.concurrent.FutureTask.run(FutureTask.java:266)
	at java.util.concurrent.ThreadPoolExecutor.runWorker(ThreadPoolExecutor.java:1149)
	at java.util.concurrent.ThreadPoolExecutor$Worker.run(ThreadPoolExecutor.java:624)
	at java.lang.Thread.run(Thread.java:748)
Caused by: org.xml.sax.SAXParseException; systemId: file:; lineNumber: 1; columnNumber: 1; Unexpected element: CDATA
	at org.apache.xmlbeans.impl.piccolo.xml.Piccolo.reportFatalError(Piccolo.java:1038)
	at org.apache.xmlbeans.impl.piccolo.xml.Piccolo.parse(Piccolo.java:723)
	at org.apache.xmlbeans.impl.store.Locale$SaxLoader.load(Locale.java:3454)
	... 33 more
2021-07-05 08:41:54,606 INFO  [SoapUITestCaseRunner] Assertion [Script Assertion] has status FAILED
2021-07-05 08:41:54,607 ERROR [SoapUITestCaseRunner] ASSERTION FAILED -> assert username=="upskills_admin"
       |       |
       ""      false
2021-07-05 08:41:54,611 INFO  [SoapUITestCaseRunner] Assertion [Valid HTTP Status Codes] has status FAILED
2021-07-05 08:41:54,612 ERROR [SoapUITestCaseRunner] ASSERTION FAILED -> Response status code:400 is not in acceptable list of status codes
2021-07-05 08:41:54,612 ERROR [SoapUITestCaseRunner] AdminDetails failed, exporting to [C:\Users\SuprajaKoganti\Desktop\REST Project\my-app\target/surefire-reports\Admin-GetAdminDetails-AdminDetails-0-FAILED.txt]
2021-07-05 08:41:54,614 INFO  [SoapUITestCaseRunner] Finished running SoapUI testcase [GetAdminDetails], time taken: 325ms, status: FAILED
2021-07-05 08:41:54,616 INFO  [SoapUITestCaseRunner] Running SoapUI testcase [AddNewProduct]
2021-07-05 08:41:54,619 INFO  [SoapUITestCaseRunner] running step [AddNewProduct]
2021-07-05 08:41:55,017 ERROR [SoapUI] An error occurred [error: Unexpected element: CDATA], see error log for details
2021-07-05 08:41:55,017 ERROR [errorlog] org.apache.xmlbeans.XmlException: error: Unexpected element: CDATA
org.apache.xmlbeans.XmlException: error: Unexpected element: CDATA
	at org.apache.xmlbeans.impl.store.Locale$SaxLoader.load(Locale.java:3486)
	at org.apache.xmlbeans.impl.store.Locale.parse(Locale.java:712)
	at org.apache.xmlbeans.impl.store.Locale.parseToXmlObject(Locale.java:696)
	at org.apache.xmlbeans.impl.store.Locale.parseToXmlObject(Locale.java:683)
	at org.apache.xmlbeans.impl.schema.SchemaTypeLoaderBase.parse(SchemaTypeLoaderBase.java:208)
	at org.apache.xmlbeans.XmlObject$Factory.parse(XmlObject.java:580)
	at com.eviware.soapui.support.xml.XmlUtils.createXmlObject(XmlUtils.java:263)
	at com.eviware.soapui.model.propertyexpansion.resolvers.ResolverUtils.extractXPathPropertyValue(ResolverUtils.java:97)
	at com.eviware.soapui.model.propertyexpansion.resolvers.ContextPropertyResolver.resolveProperty(ContextPropertyResolver.java:52)
	at com.eviware.soapui.model.propertyexpansion.PropertyExpander.expand(PropertyExpander.java:184)
	at com.eviware.soapui.model.propertyexpansion.PropertyExpander.expandProperties(PropertyExpander.java:112)
	at com.eviware.soapui.impl.wsdl.testcase.WsdlTestRunContext.expand(WsdlTestRunContext.java:157)
	at com.eviware.soapui.model.testsuite.TestRunContext$expand.call(Unknown Source)
	at org.codehaus.groovy.runtime.callsite.CallSiteArray.defaultCall(CallSiteArray.java:45)
	at org.codehaus.groovy.runtime.callsite.AbstractCallSite.call(AbstractCallSite.java:108)
	at org.codehaus.groovy.runtime.callsite.AbstractCallSite.call(AbstractCallSite.java:116)
	at Script1.run(Script1.groovy:1)
	at com.eviware.soapui.support.scripting.groovy.SoapUIGroovyScriptEngine.run(SoapUIGroovyScriptEngine.java:100)
	at com.eviware.soapui.impl.wsdl.teststeps.assertions.basic.GroovyScriptAssertion.assertScript(GroovyScriptAssertion.java:122)
	at com.eviware.soapui.impl.wsdl.teststeps.assertions.basic.GroovyScriptAssertion.internalAssertResponse(GroovyScriptAssertion.java:139)
	at com.eviware.soapui.impl.wsdl.teststeps.WsdlMessageAssertion.assertResponse(WsdlMessageAssertion.java:165)
	at com.eviware.soapui.impl.wsdl.teststeps.RestTestRequest.assertResponse(RestTestRequest.java:156)
	at com.eviware.soapui.impl.wsdl.teststeps.RestTestRequest.setResponse(RestTestRequest.java:141)
	at com.eviware.soapui.impl.wsdl.teststeps.RestTestRequestStep.run(RestTestRequestStep.java:927)
	at com.eviware.soapui.impl.wsdl.support.AbstractTestCaseRunner.runTestStep(AbstractTestCaseRunner.java:239)
	at com.eviware.soapui.impl.wsdl.testcase.WsdlTestCaseRunner.runCurrentTestStep(WsdlTestCaseRunner.java:52)
	at com.eviware.soapui.impl.wsdl.support.AbstractTestCaseRunner.internalRun(AbstractTestCaseRunner.java:152)
	at com.eviware.soapui.impl.wsdl.support.AbstractTestCaseRunner.internalRun(AbstractTestCaseRunner.java:47)
	at com.eviware.soapui.impl.wsdl.support.AbstractTestRunner.run(AbstractTestRunner.java:139)
	at java.util.concurrent.Executors$RunnableAdapter.call(Executors.java:511)
	at java.util.concurrent.FutureTask.run(FutureTask.java:266)
	at java.util.concurrent.ThreadPoolExecutor.runWorker(ThreadPoolExecutor.java:1149)
	at java.util.concurrent.ThreadPoolExecutor$Worker.run(ThreadPoolExecutor.java:624)
	at java.lang.Thread.run(Thread.java:748)
Caused by: org.xml.sax.SAXParseException; systemId: file:; lineNumber: 1; columnNumber: 1; Unexpected element: CDATA
	at org.apache.xmlbeans.impl.piccolo.xml.Piccolo.reportFatalError(Piccolo.java:1038)
	at org.apache.xmlbeans.impl.piccolo.xml.Piccolo.parse(Piccolo.java:723)
	at org.apache.xmlbeans.impl.store.Locale$SaxLoader.load(Locale.java:3454)
	... 33 more
2021-07-05 08:41:55,133 INFO  [SoapUITestCaseRunner] Assertion [Script Assertion] has status FAILED
2021-07-05 08:41:55,133 ERROR [SoapUITestCaseRunner] ASSERTION FAILED -> assert statuscode=='1'
       |         |
       ""        false
2021-07-05 08:41:55,135 ERROR [SoapUITestCaseRunner] AddNewProduct failed, exporting to [C:\Users\SuprajaKoganti\Desktop\REST Project\my-app\target/surefire-reports\Product-AddNewProduct-AddNewProduct-0-FAILED.txt]
2021-07-05 08:41:55,136 INFO  [SoapUITestCaseRunner] Finished running SoapUI testcase [AddNewProduct], time taken: 360ms, status: FAILED
2021-07-05 08:41:55,137 INFO  [SoapUITestCaseRunner] Running SoapUI testcase [GetProductsDetailsByIDintoExcel]
2021-07-05 08:41:55,138 INFO  [SoapUITestCaseRunner] running step [GetProductsDetailsByIDintoExcel]
2021-07-05 08:41:55,658 INFO  [SoapUITestCaseRunner] Finished running SoapUI testcase [GetProductsDetailsByIDintoExcel], time taken: 519ms, status: FINISHED
2021-07-05 08:41:55,659 INFO  [SoapUITestCaseRunner] Running SoapUI testcase [BulkAddProducts]
2021-07-05 08:41:55,660 INFO  [SoapUITestCaseRunner] running step [BulkAddProducts]
2021-07-05 08:42:00,746 ERROR [WsdlSubmit] Exception in request: org.apache.http.NoHttpResponseException: The target server failed to respond
2021-07-05 08:42:00,759 ERROR [SoapUI] An error occurred [The target server failed to respond], see error log for details
2021-07-05 08:42:00,761 ERROR [errorlog] org.apache.http.NoHttpResponseException: The target server failed to respond
org.apache.http.NoHttpResponseException: The target server failed to respond
	at org.apache.http.impl.conn.DefaultResponseParser.parseHead(DefaultResponseParser.java:101)
	at org.apache.http.impl.io.AbstractMessageParser.parse(AbstractMessageParser.java:252)
	at org.apache.http.impl.AbstractHttpClientConnection.receiveResponseHeader(AbstractHttpClientConnection.java:281)
	at org.apache.http.impl.conn.DefaultClientConnection.receiveResponseHeader(DefaultClientConnection.java:247)
	at org.apache.http.impl.conn.AbstractClientConnAdapter.receiveResponseHeader(AbstractClientConnAdapter.java:219)
	at com.eviware.soapui.impl.wsdl.support.http.HttpClientSupport$SoapUIHttpRequestExecutor.doReceiveResponse(HttpClientSupport.java:147)
	at org.apache.http.protocol.HttpRequestExecutor.execute(HttpRequestExecutor.java:125)
	at org.apache.http.impl.client.DefaultRequestDirector.tryExecute(DefaultRequestDirector.java:633)
	at org.apache.http.impl.client.DefaultRequestDirector.execute(DefaultRequestDirector.java:454)
	at org.apache.http.impl.client.AbstractHttpClient.execute(AbstractHttpClient.java:820)
	at org.apache.http.impl.client.AbstractHttpClient.execute(AbstractHttpClient.java:754)
	at com.eviware.soapui.impl.wsdl.support.http.HttpClientSupport$Helper.execute(HttpClientSupport.java:247)
	at com.eviware.soapui.impl.wsdl.support.http.HttpClientSupport.execute(HttpClientSupport.java:362)
	at com.eviware.soapui.impl.wsdl.submit.transports.http.HttpClientRequestTransport.submitRequest(HttpClientRequestTransport.java:324)
	at com.eviware.soapui.impl.wsdl.submit.transports.http.HttpClientRequestTransport.sendRequest(HttpClientRequestTransport.java:237)
	at com.eviware.soapui.impl.wsdl.WsdlSubmit.run(WsdlSubmit.java:127)
	at com.eviware.soapui.impl.wsdl.WsdlSubmit.submitRequest(WsdlSubmit.java:80)
	at com.eviware.soapui.impl.rest.RestRequest.submit(RestRequest.java:217)
	at com.eviware.soapui.impl.wsdl.teststeps.RestTestRequestStep.run(RestTestRequestStep.java:905)
	at com.eviware.soapui.impl.wsdl.support.AbstractTestCaseRunner.runTestStep(AbstractTestCaseRunner.java:239)
	at com.eviware.soapui.impl.wsdl.testcase.WsdlTestCaseRunner.runCurrentTestStep(WsdlTestCaseRunner.java:52)
	at com.eviware.soapui.impl.wsdl.support.AbstractTestCaseRunner.internalRun(AbstractTestCaseRunner.java:152)
	at com.eviware.soapui.impl.wsdl.support.AbstractTestCaseRunner.internalRun(AbstractTestCaseRunner.java:47)
	at com.eviware.soapui.impl.wsdl.support.AbstractTestRunner.run(AbstractTestRunner.java:139)
	at java.util.concurrent.Executors$RunnableAdapter.call(Executors.java:511)
	at java.util.concurrent.FutureTask.run(FutureTask.java:266)
	at java.util.concurrent.ThreadPoolExecutor.runWorker(ThreadPoolExecutor.java:1149)
	at java.util.concurrent.ThreadPoolExecutor$Worker.run(ThreadPoolExecutor.java:624)
	at java.lang.Thread.run(Thread.java:748)
2021-07-05 08:42:00,820 INFO  [SoapUITestCaseRunner] Assertion [Valid HTTP Status Codes] has status UNKNOWN
2021-07-05 08:42:00,820 INFO  [SoapUITestCaseRunner] Assertion [Script Assertion] has status UNKNOWN
2021-07-05 08:42:00,820 ERROR [SoapUITestCaseRunner] BulkAddProducts failed, exporting to [C:\Users\SuprajaKoganti\Desktop\REST Project\my-app\target/surefire-reports\Product-BulkAddProducts-BulkAddProducts-0-FAILED.txt]
2021-07-05 08:42:00,822 INFO  [SoapUITestCaseRunner] Finished running SoapUI testcase [BulkAddProducts], time taken: 0ms, status: FAILED
2021-07-05 08:42:00,826 INFO  [SoapUITestCaseRunner] Running SoapUI testcase [GetProductList]
2021-07-05 08:42:00,827 INFO  [SoapUITestCaseRunner] running step [GetProductList]
2021-07-05 08:42:01,554 ERROR [SoapUI] An error occurred [error: Unexpected element: CDATA], see error log for details
2021-07-05 08:42:01,554 ERROR [errorlog] org.apache.xmlbeans.XmlException: error: Unexpected element: CDATA
org.apache.xmlbeans.XmlException: error: Unexpected element: CDATA
	at org.apache.xmlbeans.impl.store.Locale$SaxLoader.load(Locale.java:3486)
	at org.apache.xmlbeans.impl.store.Locale.parse(Locale.java:712)
	at org.apache.xmlbeans.impl.store.Locale.parseToXmlObject(Locale.java:696)
	at org.apache.xmlbeans.impl.store.Locale.parseToXmlObject(Locale.java:683)
	at org.apache.xmlbeans.impl.schema.SchemaTypeLoaderBase.parse(SchemaTypeLoaderBase.java:208)
	at org.apache.xmlbeans.XmlObject$Factory.parse(XmlObject.java:580)
	at com.eviware.soapui.support.xml.XmlUtils.createXmlObject(XmlUtils.java:263)
	at com.eviware.soapui.model.propertyexpansion.resolvers.ResolverUtils.extractXPathPropertyValue(ResolverUtils.java:97)
	at com.eviware.soapui.model.propertyexpansion.resolvers.ContextPropertyResolver.resolveProperty(ContextPropertyResolver.java:52)
	at com.eviware.soapui.model.propertyexpansion.PropertyExpander.expand(PropertyExpander.java:184)
	at com.eviware.soapui.model.propertyexpansion.PropertyExpander.expandProperties(PropertyExpander.java:112)
	at com.eviware.soapui.impl.wsdl.testcase.WsdlTestRunContext.expand(WsdlTestRunContext.java:157)
	at com.eviware.soapui.model.testsuite.TestRunContext$expand.call(Unknown Source)
	at org.codehaus.groovy.runtime.callsite.CallSiteArray.defaultCall(CallSiteArray.java:45)
	at org.codehaus.groovy.runtime.callsite.AbstractCallSite.call(AbstractCallSite.java:108)
	at org.codehaus.groovy.runtime.callsite.AbstractCallSite.call(AbstractCallSite.java:116)
	at Script1.run(Script1.groovy:1)
	at com.eviware.soapui.support.scripting.groovy.SoapUIGroovyScriptEngine.run(SoapUIGroovyScriptEngine.java:100)
	at com.eviware.soapui.impl.wsdl.teststeps.assertions.basic.GroovyScriptAssertion.assertScript(GroovyScriptAssertion.java:122)
	at com.eviware.soapui.impl.wsdl.teststeps.assertions.basic.GroovyScriptAssertion.internalAssertResponse(GroovyScriptAssertion.java:139)
	at com.eviware.soapui.impl.wsdl.teststeps.WsdlMessageAssertion.assertResponse(WsdlMessageAssertion.java:165)
	at com.eviware.soapui.impl.wsdl.teststeps.RestTestRequest.assertResponse(RestTestRequest.java:156)
	at com.eviware.soapui.impl.wsdl.teststeps.RestTestRequest.setResponse(RestTestRequest.java:141)
	at com.eviware.soapui.impl.wsdl.teststeps.RestTestRequestStep.run(RestTestRequestStep.java:927)
	at com.eviware.soapui.impl.wsdl.support.AbstractTestCaseRunner.runTestStep(AbstractTestCaseRunner.java:239)
	at com.eviware.soapui.impl.wsdl.testcase.WsdlTestCaseRunner.runCurrentTestStep(WsdlTestCaseRunner.java:52)
	at com.eviware.soapui.impl.wsdl.support.AbstractTestCaseRunner.internalRun(AbstractTestCaseRunner.java:152)
	at com.eviware.soapui.impl.wsdl.support.AbstractTestCaseRunner.internalRun(AbstractTestCaseRunner.java:47)
	at com.eviware.soapui.impl.wsdl.support.AbstractTestRunner.run(AbstractTestRunner.java:139)
	at java.util.concurrent.Executors$RunnableAdapter.call(Executors.java:511)
	at java.util.concurrent.FutureTask.run(FutureTask.java:266)
	at java.util.concurrent.ThreadPoolExecutor.runWorker(ThreadPoolExecutor.java:1149)
	at java.util.concurrent.ThreadPoolExecutor$Worker.run(ThreadPoolExecutor.java:624)
	at java.lang.Thread.run(Thread.java:748)
Caused by: org.xml.sax.SAXParseException; systemId: file:; lineNumber: 1; columnNumber: 1; Unexpected element: CDATA
	at org.apache.xmlbeans.impl.piccolo.xml.Piccolo.reportFatalError(Piccolo.java:1038)
	at org.apache.xmlbeans.impl.piccolo.xml.Piccolo.parse(Piccolo.java:723)
	at org.apache.xmlbeans.impl.store.Locale$SaxLoader.load(Locale.java:3454)
	... 33 more
2021-07-05 08:42:01,635 INFO  [SoapUITestCaseRunner] Assertion [Script Assertion] has status VALID
2021-07-05 08:42:01,637 INFO  [SoapUITestCaseRunner] Finished running SoapUI testcase [GetProductList], time taken: 703ms, status: FINISHED
2021-07-05 08:42:01,639 INFO  [SoapUITestCaseRunner] Running SoapUI testcase [GetProductById]
2021-07-05 08:42:01,639 INFO  [SoapUITestCaseRunner] running step [GetProductByID]
2021-07-05 08:42:02,124 ERROR [SoapUI] An error occurred [error: Unexpected element: CDATA], see error log for details
2021-07-05 08:42:02,125 ERROR [errorlog] org.apache.xmlbeans.XmlException: error: Unexpected element: CDATA
org.apache.xmlbeans.XmlException: error: Unexpected element: CDATA
	at org.apache.xmlbeans.impl.store.Locale$SaxLoader.load(Locale.java:3486)
	at org.apache.xmlbeans.impl.store.Locale.parse(Locale.java:712)
	at org.apache.xmlbeans.impl.store.Locale.parseToXmlObject(Locale.java:696)
	at org.apache.xmlbeans.impl.store.Locale.parseToXmlObject(Locale.java:683)
	at org.apache.xmlbeans.impl.schema.SchemaTypeLoaderBase.parse(SchemaTypeLoaderBase.java:208)
	at org.apache.xmlbeans.XmlObject$Factory.parse(XmlObject.java:580)
	at com.eviware.soapui.support.xml.XmlUtils.createXmlObject(XmlUtils.java:263)
	at com.eviware.soapui.model.propertyexpansion.resolvers.ResolverUtils.extractXPathPropertyValue(ResolverUtils.java:97)
	at com.eviware.soapui.model.propertyexpansion.resolvers.ContextPropertyResolver.resolveProperty(ContextPropertyResolver.java:52)
	at com.eviware.soapui.model.propertyexpansion.PropertyExpander.expand(PropertyExpander.java:184)
	at com.eviware.soapui.model.propertyexpansion.PropertyExpander.expandProperties(PropertyExpander.java:112)
	at com.eviware.soapui.impl.wsdl.testcase.WsdlTestRunContext.expand(WsdlTestRunContext.java:157)
	at com.eviware.soapui.model.testsuite.TestRunContext$expand.call(Unknown Source)
	at org.codehaus.groovy.runtime.callsite.CallSiteArray.defaultCall(CallSiteArray.java:45)
	at org.codehaus.groovy.runtime.callsite.AbstractCallSite.call(AbstractCallSite.java:108)
	at org.codehaus.groovy.runtime.callsite.AbstractCallSite.call(AbstractCallSite.java:116)
	at Script1.run(Script1.groovy:1)
	at com.eviware.soapui.support.scripting.groovy.SoapUIGroovyScriptEngine.run(SoapUIGroovyScriptEngine.java:100)
	at com.eviware.soapui.impl.wsdl.teststeps.assertions.basic.GroovyScriptAssertion.assertScript(GroovyScriptAssertion.java:122)
	at com.eviware.soapui.impl.wsdl.teststeps.assertions.basic.GroovyScriptAssertion.internalAssertResponse(GroovyScriptAssertion.java:139)
	at com.eviware.soapui.impl.wsdl.teststeps.WsdlMessageAssertion.assertResponse(WsdlMessageAssertion.java:165)
	at com.eviware.soapui.impl.wsdl.teststeps.RestTestRequest.assertResponse(RestTestRequest.java:156)
	at com.eviware.soapui.impl.wsdl.teststeps.RestTestRequest.setResponse(RestTestRequest.java:141)
	at com.eviware.soapui.impl.wsdl.teststeps.RestTestRequestStep.run(RestTestRequestStep.java:927)
	at com.eviware.soapui.impl.wsdl.support.AbstractTestCaseRunner.runTestStep(AbstractTestCaseRunner.java:239)
	at com.eviware.soapui.impl.wsdl.testcase.WsdlTestCaseRunner.runCurrentTestStep(WsdlTestCaseRunner.java:52)
	at com.eviware.soapui.impl.wsdl.support.AbstractTestCaseRunner.internalRun(AbstractTestCaseRunner.java:152)
	at com.eviware.soapui.impl.wsdl.support.AbstractTestCaseRunner.internalRun(AbstractTestCaseRunner.java:47)
	at com.eviware.soapui.impl.wsdl.support.AbstractTestRunner.run(AbstractTestRunner.java:139)
	at java.util.concurrent.Executors$RunnableAdapter.call(Executors.java:511)
	at java.util.concurrent.FutureTask.run(FutureTask.java:266)
	at java.util.concurrent.ThreadPoolExecutor.runWorker(ThreadPoolExecutor.java:1149)
	at java.util.concurrent.ThreadPoolExecutor$Worker.run(ThreadPoolExecutor.java:624)
	at java.lang.Thread.run(Thread.java:748)
Caused by: org.xml.sax.SAXParseException; systemId: file:; lineNumber: 1; columnNumber: 1; Unexpected element: CDATA
	at org.apache.xmlbeans.impl.piccolo.xml.Piccolo.reportFatalError(Piccolo.java:1038)
	at org.apache.xmlbeans.impl.piccolo.xml.Piccolo.parse(Piccolo.java:723)
	at org.apache.xmlbeans.impl.store.Locale$SaxLoader.load(Locale.java:3454)
	... 33 more
2021-07-05 08:42:02,228 INFO  [SoapUITestCaseRunner] Assertion [Script Assertion] has status FAILED
2021-07-05 08:42:02,228 ERROR [SoapUITestCaseRunner] ASSERTION FAILED -> assert statuscode=='1'
       |         |
       ""        false
2021-07-05 08:42:02,229 ERROR [SoapUITestCaseRunner] GetProductByID failed, exporting to [C:\Users\SuprajaKoganti\Desktop\REST Project\my-app\target/surefire-reports\Product-GetProductById-GetProductByID-0-FAILED.txt]
2021-07-05 08:42:02,231 INFO  [SoapUITestCaseRunner] Finished running SoapUI testcase [GetProductById], time taken: 446ms, status: FAILED
2021-07-05 08:42:02,233 INFO  [SoapUITestCaseRunner] Running SoapUI testcase [Logout]
2021-07-05 08:42:02,237 INFO  [SoapUITestCaseRunner] running step [Logout]
2021-07-05 08:42:02,666 INFO  [SoapUITestCaseRunner] Finished running SoapUI testcase [Logout], time taken: 421ms, status: FINISHED
2021-07-05 08:42:02,668 INFO  [SoapUITestCaseRunner] Project [REST Project] finished with status [FAILED] in 12866ms
